This is LuaTeX, Version beta-0.80.0 (TeX Live 2015/Debian) (rev 5238)  (format=lualatex 2018.2.1)  1 FEB 2018 10:25
 restricted \write18 enabled.
**abstract.tex
(/home/jelle/RUG/FTP/thesis/frontBackmatter/abstract.tex
LaTeX2e <2016/02/01>
Babel <3.9q> and hyphenation patterns for 1 language(s) loaded.
! Undefined control sequence.
l.7 \pdfbookmark
              [1]{Abstract}{Abstract}
The control sequence at the end of the top line
of your error message was never \def'ed. If you have
misspelled it (e.g., `\hobx'), type `I' and the correct
spelling (e.g., `I\hbox'). Otherwise just continue,
and I'll forget about whatever was undefined.


! LaTeX Error: Missing \begin{document}.

See the LaTeX manual or LaTeX Companion for explanation.
Type  H <return>  for immediate help.
 ...                                              
                                                  
l.7 \pdfbookmark[
               1]{Abstract}{Abstract}
You're in trouble here.  Try typing  <return>  to proceed.
If that doesn't work, type  X <return>  to quit.


Overfull \hbox (20.0pt too wide) in paragraph at lines 7--12
[][][1]AbstractAbstract 
 []

! Undefined control sequence.
l.13 \chapter
           *{Abstract}
The control sequence at the end of the top line
of your error message was never \def'ed. If you have
misspelled it (e.g., `\hobx'), type `I' and the correct
spelling (e.g., `I\hbox'). Otherwise just continue,
and I'll forget about whatever was undefined.


! LaTeX Error: Missing \begin{document}.

See the LaTeX manual or LaTeX Companion for explanation.
Type  H <return>  for immediate help.
 ...                                              
                                                  
l.13 \chapter*
            {Abstract}
You're in trouble here.  Try typing  <return>  to proceed.
If that doesn't work, type  X <return>  to quit.


Overfull \hbox (20.0pt too wide) in paragraph at lines 13--16
[][]*Abstract
 []

! Undefined control sequence.
l.17 \url
       {https://plg.uwaterloo.ca/~migod/research/beckOOPSLA.html}
The control sequence at the end of the top line
of your error message was never \def'ed. If you have
misspelled it (e.g., `\hobx'), type `I' and the correct
spelling (e.g., `I\hbox'). Otherwise just continue,
and I'll forget about whatever was undefined.

)
! Emergency stop.
<*> abstract.tex
             
*** (job aborted, no legal \end found)



Here is how much of LuaTeX's memory you used:
 8 strings out of 495004
 100000,89155 words of node,token memory allocated 1612 words of node memory still in use:
   8 hlist, 43 glue, 3 kern, 8 penalty, 179 glyph, 43 glue_spec, 3 local_par, 1 
dir nodes
   avail lists: 2:13,6:1,7:22,10:20
 3696 multiletter control sequences out of 65536+600000
 14 fonts using 562767 bytes
 5i,1n,4p,76b,70s stack positions out of 5000i,500n,10000p,200000b,100000s
!  ==> Fatal error occurred, no output PDF file produced!
