\BOOKMARK [1][-]{Dedication.1}{Dedication}{}% 1
\BOOKMARK [1][-]{Foreword.1}{Foreword}{}% 2
\BOOKMARK [1][-]{Abstract.1}{Abstract}{}% 3
\BOOKMARK [1][-]{acknowledgments.1}{Acknowledgments}{}% 4
\BOOKMARK [1][-]{tableofcontents.1}{Contents}{}% 5
\BOOKMARK [1][-]{lof.1}{List\040of\040Figures}{}% 6
\BOOKMARK [1][-]{lot.1}{List\040of\040Tables}{}% 7
\BOOKMARK [1][-]{lol.1}{Listings}{}% 8
\BOOKMARK [1][-]{acronyms.1}{Acronyms}{}% 9
\BOOKMARK [0][]{chapter.1}{1\040Introduction}{}% 10
\BOOKMARK [1][-]{section.1.1}{1.1\040History\040of\040natural\040gas\040in\040The\040Netherlands}{chapter.1}% 11
\BOOKMARK [1][-]{section.1.2}{1.2\040Current\040situation\040and\040future}{chapter.1}% 12
\BOOKMARK [1][-]{section.1.3}{1.3\040Involved\040companies\040and\040institutions}{chapter.1}% 13
\BOOKMARK [2][-]{subsection.1.3.1}{1.3.1\040University\040of\040Groningen}{section.1.3}% 14
\BOOKMARK [2][-]{subsection.1.3.2}{1.3.2\040Cogas\040and\040Coteq}{section.1.3}% 15
\BOOKMARK [2][-]{subsection.1.3.3}{1.3.3\040ValueA}{section.1.3}% 16
\BOOKMARK [2][-]{subsection.1.3.4}{1.3.4\040Cathodic\040protection}{section.1.3}% 17
\BOOKMARK [1][-]{section.1.4}{1.4\040Goals}{chapter.1}% 18
\BOOKMARK [1][-]{section.1.5}{1.5\040Working\040Environment}{chapter.1}% 19
\BOOKMARK [1][-]{section.1.6}{1.6\040Deliverables}{chapter.1}% 20
\BOOKMARK [1][-]{section.1.7}{1.7\040Cogas}{chapter.1}% 21
\BOOKMARK [0][]{chapter.2}{2\040Background}{}% 22
\BOOKMARK [0][]{chapter.3}{3\040Pipeline\040Protection}{}% 23
\BOOKMARK [1][-]{section.3.1}{3.1\040Coating}{chapter.3}% 24
\BOOKMARK [1][-]{section.3.2}{3.2\040Cathodic\040Protection}{chapter.3}% 25
\BOOKMARK [0][]{chapter.4}{4\040Dataset}{}% 26
\BOOKMARK [1][-]{section.4.1}{4.1\040Configuration}{chapter.4}% 27
\BOOKMARK [1][-]{section.4.2}{4.2\040Missing\040Data}{chapter.4}% 28
\BOOKMARK [1][-]{section.4.3}{4.3\040Interpolation}{chapter.4}% 29
\BOOKMARK [0][]{chapter.5}{5\040Methods}{}% 30
\BOOKMARK [1][-]{section.5.1}{5.1\040Classification}{chapter.5}% 31
\BOOKMARK [2][-]{subsection.5.1.1}{5.1.1\040Learning\040Vector\040Quantization}{section.5.1}% 32
\BOOKMARK [2][-]{subsection.5.1.2}{5.1.2\040Generalized\040Learning\040Vector\040Quantization}{section.5.1}% 33
\BOOKMARK [2][-]{subsection.5.1.3}{5.1.3\040Localized\040Generalized\040Matrix\040Learning\040Vector\040Quantization}{section.5.1}% 34
\BOOKMARK [0][]{chapter.6}{6\040Results}{}% 35
\BOOKMARK [0][]{chapter.7}{7\040Discussion}{}% 36
\BOOKMARK [0][]{section*.16}{\040Bibliography}{}% 37
\BOOKMARK [0][]{declaration.0}{Declaration}{}% 38
\BOOKMARK [0][]{colophon.0}{Colophon}{}% 39
